<?xml version="1.0" encoding="UTF-8"?>
<!-- Generated by org.testng.reporters.JUnitXMLReporter -->
<testsuite hostname="KAMET-QA23L" tests="1" failures="1" timestamp="13 Apr 2016 10:38:09 GMT" time="72.952" errors="0">
  <testcase name="testCreditReportLink" time="71.171" classname="FirstGebTest">
    <failure type="geb.waiting.WaitTimeoutException" message="condition did not pass in 20.0 seconds">
      <![CDATA[geb.waiting.WaitTimeoutException: condition did not pass in 20.0 seconds
	at org.codehaus.groovy.runtime.callsite.ConstructorSite$ConstructorSiteNoUnwrapNoCoerce.callConstructor(ConstructorSite.java:102)
	at org.codehaus.groovy.runtime.callsite.CallSiteArray.defaultCallConstructor(CallSiteArray.java:57)
	at org.codehaus.groovy.runtime.callsite.AbstractCallSite.callConstructor(AbstractCallSite.java:232)
	at org.codehaus.groovy.runtime.callsite.AbstractCallSite.callConstructor(AbstractCallSite.java:252)
	at geb.waiting.Wait.waitFor(Wait.groovy:128)
	at geb.waiting.Wait$waitFor.call(Unknown Source)
	at org.codehaus.groovy.runtime.callsite.CallSiteArray.defaultCall(CallSiteArray.java:45)
	at org.codehaus.groovy.runtime.callsite.AbstractCallSite.call(AbstractCallSite.java:110)
	at org.codehaus.groovy.runtime.callsite.AbstractCallSite.call(AbstractCallSite.java:122)
	at geb.content.PageContentTemplate.create(PageContentTemplate.groovy:88)
	at geb.content.PageContentTemplate.this$2$create(PageContentTemplate.groovy)
	at org.codehaus.groovy.runtime.callsite.PogoMetaMethodSite$PogoCachedMethodSite.invoke(PogoMetaMethodSite.java:166)
	at org.codehaus.groovy.runtime.callsite.PogoMetaMethodSite.callCurrent(PogoMetaMethodSite.java:56)
	at org.codehaus.groovy.runtime.callsite.CallSiteArray.defaultCallCurrent(CallSiteArray.java:49)
	at org.codehaus.groovy.runtime.callsite.AbstractCallSite.callCurrent(AbstractCallSite.java:151)
	at geb.content.PageContentTemplate.get(PageContentTemplate.groovy:68)
	at org.codehaus.groovy.runtime.callsite.PogoMetaMethodSite$PogoCachedMethodSite.invoke(PogoMetaMethodSite.java:166)
	at org.codehaus.groovy.runtime.callsite.PogoMetaMethodSite.call(PogoMetaMethodSite.java:68)
	at org.codehaus.groovy.runtime.callsite.CallSiteArray.defaultCall(CallSiteArray.java:45)
	at org.codehaus.groovy.runtime.callsite.AbstractCallSite.call(AbstractCallSite.java:110)
	at geb.content.NavigableSupport.getContent(NavigableSupport.groovy:43)
	at geb.content.NavigableSupport.this$2$getContent(NavigableSupport.groovy)
	at org.codehaus.groovy.runtime.callsite.PogoMetaMethodSite$PogoCachedMethodSite.invoke(PogoMetaMethodSite.java:166)
	at org.codehaus.groovy.runtime.callsite.PogoMetaMethodSite.callCurrent(PogoMetaMethodSite.java:56)
	at org.codehaus.groovy.runtime.callsite.CallSiteArray.defaultCallCurrent(CallSiteArray.java:49)
	at org.codehaus.groovy.runtime.callsite.AbstractCallSite.callCurrent(AbstractCallSite.java:151)
	at org.codehaus.groovy.runtime.callsite.AbstractCallSite.callCurrent(AbstractCallSite.java:163)
	at geb.content.NavigableSupport.propertyMissing(NavigableSupport.groovy:131)
	at geb.content.NavigableSupport$propertyMissing.call(Unknown Source)
	at org.codehaus.groovy.runtime.callsite.CallSiteArray.defaultCall(CallSiteArray.java:45)
	at org.codehaus.groovy.runtime.callsite.AbstractCallSite.call(AbstractCallSite.java:110)
	at org.codehaus.groovy.runtime.callsite.AbstractCallSite.call(AbstractCallSite.java:122)
	at geb.Page.propertyMissing(Page.groovy)
	at groovy.lang.MetaClassImpl.invokeMissingProperty(MetaClassImpl.java:874)
	at groovy.lang.MetaClassImpl.getProperty(MetaClassImpl.java:1853)
	at groovy.lang.MetaClassImpl.getProperty(MetaClassImpl.java:3734)
	at geb.Page.getProperty(Page.groovy)
	at org.codehaus.groovy.runtime.ScriptBytecodeAdapter.getGroovyObjectProperty(ScriptBytecodeAdapter.java:506)
	at geb.Browser.propertyMissing(Browser.groovy:175)
	at groovy.lang.MetaClassImpl.invokeMissingProperty(MetaClassImpl.java:874)
	at groovy.lang.MetaClassImpl.getProperty(MetaClassImpl.java:1853)
	at groovy.lang.MetaClassImpl.getProperty(MetaClassImpl.java:3734)
	at geb.Browser.getProperty(Browser.groovy)
	at org.codehaus.groovy.runtime.InvokerHelper.getProperty(InvokerHelper.java:169)
	at org.codehaus.groovy.runtime.ScriptBytecodeAdapter.getProperty(ScriptBytecodeAdapter.java:454)
	at geb.testng.GebTest.propertyMissing(GebTest.groovy:54)
	at groovy.lang.MetaClassImpl.invokeMissingProperty(MetaClassImpl.java:874)
	at groovy.lang.MetaClassImpl$12.getProperty(MetaClassImpl.java:2018)
	at org.codehaus.groovy.runtime.callsite.GetEffectivePogoPropertySite.getProperty(GetEffectivePogoPropertySite.java:82)
	at org.codehaus.groovy.runtime.callsite.AbstractCallSite.callGroovyObjectGetProperty(AbstractCallSite.java:304)
	at FirstGebTest.testCreditReportLink(FirstGebTest.groovy:20)
... Removed 56 stack frames]]>
    </failure>
  </testcase> <!-- testCreditReportLink -->
</testsuite>
