<?xml version="1.0" encoding="UTF-8"?>
<!-- Generated by org.testng.reporters.JUnitXMLReporter -->
<testsuite hostname="DESKTOP-GK79C4U" tests="1" failures="0" timestamp="31 Mar 2016 18:24:24 GMT" time="1.525" errors="0">
  <testcase name="@BeforeClass initReportGroupDir" time="0.0" classname="FirstGebTest">
    <failure type="geb.ConfigurationLoader$UnableToLoadException" message="Unable to load configuration @ &amp;apos;file:/E:/Workspace/GebTestingDemo/target/test-classes/GebConfig.groovy&amp;apos; (with environment: )">
      <![CDATA[geb.ConfigurationLoader$UnableToLoadException: Unable to load configuration @ 'file:/E:/Workspace/GebTestingDemo/target/test-classes/GebConfig.groovy' (with environment: )
	at org.codehaus.groovy.runtime.callsite.ConstructorSite$ConstructorSiteNoUnwrapNoCoerce.callConstructor(ConstructorSite.java:102)
	at org.codehaus.groovy.runtime.callsite.CallSiteArray.defaultCallConstructor(CallSiteArray.java:57)
	at org.codehaus.groovy.runtime.callsite.AbstractCallSite.callConstructor(AbstractCallSite.java:232)
	at org.codehaus.groovy.runtime.callsite.AbstractCallSite.callConstructor(AbstractCallSite.java:260)
	at geb.ConfigurationLoader.loadRawConfig(ConfigurationLoader.groovy:297)
	at org.codehaus.groovy.runtime.callsite.PogoMetaMethodSite$PogoCachedMethodSiteNoUnwrapNoCoerce.invoke(PogoMetaMethodSite.java:207)
	at org.codehaus.groovy.runtime.callsite.PogoMetaMethodSite.callCurrent(PogoMetaMethodSite.java:56)
	at org.codehaus.groovy.runtime.callsite.CallSiteArray.defaultCallCurrent(CallSiteArray.java:49)
	at org.codehaus.groovy.runtime.callsite.AbstractCallSite.callCurrent(AbstractCallSite.java:151)
	at org.codehaus.groovy.runtime.callsite.AbstractCallSite.callCurrent(AbstractCallSite.java:171)
	at geb.ConfigurationLoader.loadRawConfig(ConfigurationLoader.groovy:281)
	at org.codehaus.groovy.runtime.callsite.PogoMetaMethodSite$PogoCachedMethodSiteNoUnwrapNoCoerce.invoke(PogoMetaMethodSite.java:207)
	at org.codehaus.groovy.runtime.callsite.PogoMetaMethodSite.callCurrent(PogoMetaMethodSite.java:56)
	at org.codehaus.groovy.runtime.callsite.CallSiteArray.defaultCallCurrent(CallSiteArray.java:49)
	at org.codehaus.groovy.runtime.callsite.AbstractCallSite.callCurrent(AbstractCallSite.java:151)
	at org.codehaus.groovy.runtime.callsite.AbstractCallSite.callCurrent(AbstractCallSite.java:171)
	at geb.ConfigurationLoader.getConf(ConfigurationLoader.groovy:161)
	at geb.ConfigurationLoader$getConf$0.callCurrent(Unknown Source)
	at org.codehaus.groovy.runtime.callsite.CallSiteArray.defaultCallCurrent(CallSiteArray.java:49)
	at org.codehaus.groovy.runtime.callsite.AbstractCallSite.callCurrent(AbstractCallSite.java:151)
	at org.codehaus.groovy.runtime.callsite.AbstractCallSite.callCurrent(AbstractCallSite.java:171)
	at geb.ConfigurationLoader.doGetConf(ConfigurationLoader.groovy:139)
	at org.codehaus.groovy.runtime.callsite.PogoMetaMethodSite$PogoCachedMethodSiteNoUnwrapNoCoerce.invoke(PogoMetaMethodSite.java:207)
	at org.codehaus.groovy.runtime.callsite.PogoMetaMethodSite.callCurrent(PogoMetaMethodSite.java:56)
	at org.codehaus.groovy.runtime.callsite.CallSiteArray.defaultCallCurrent(CallSiteArray.java:49)
	at org.codehaus.groovy.runtime.callsite.AbstractCallSite.callCurrent(AbstractCallSite.java:151)
	at org.codehaus.groovy.runtime.callsite.AbstractCallSite.callCurrent(AbstractCallSite.java:163)
	at geb.ConfigurationLoader.getConf(ConfigurationLoader.groovy:95)
	at geb.ConfigurationLoader.getConf(ConfigurationLoader.groovy:114)
	at geb.ConfigurationLoader$getConf.call(Unknown Source)
	at org.codehaus.groovy.runtime.callsite.CallSiteArray.defaultCall(CallSiteArray.java:45)
	at org.codehaus.groovy.runtime.callsite.AbstractCallSite.call(AbstractCallSite.java:110)
	at org.codehaus.groovy.runtime.callsite.AbstractCallSite.call(AbstractCallSite.java:122)
	at geb.testng.GebTest.createConf(GebTest.groovy:31)
	at geb.testng.GebTest.createBrowser(GebTest.groovy:35)
	at geb.testng.GebTest.getBrowser(GebTest.groovy:40)
	at geb.testng.GebTest.methodMissing(GebTest.groovy:50)
	at groovy.lang.MetaClassImpl.invokeMissingMethod(MetaClassImpl.java:933)
	at groovy.lang.MetaClassImpl.invokePropertyOrMissing(MetaClassImpl.java:1256)
	at groovy.lang.MetaClassImpl.invokeMethod(MetaClassImpl.java:1209)
	at groovy.lang.MetaClassImpl.invokeMethod(MetaClassImpl.java:1016)
	at org.codehaus.groovy.runtime.callsite.PogoMetaClassSite.callCurrent(PogoMetaClassSite.java:66)
	at org.codehaus.groovy.runtime.callsite.CallSiteArray.defaultCallCurrent(CallSiteArray.java:49)
	at org.codehaus.groovy.runtime.callsite.AbstractCallSite.callCurrent(AbstractCallSite.java:151)
	at org.codehaus.groovy.runtime.callsite.AbstractCallSite.callCurrent(AbstractCallSite.java:163)
	at geb.testng.GebReportingTest.initReportGroupDir(GebReportingTest.groovy:38)
Caused by: org.codehaus.groovy.control.MultipleCompilationErrorsException: startup failed:
script1459448663793531682800.groovy: 5: unable to resolve class io.github.bonigarcia.wdm.InternetExplorerDriverManager
 @ line 5, column 1.
   import io.github.bonigarcia.wdm.InternetExplorerDriverManager
   ^

script1459448663793531682800.groovy: 4: unable to resolve class io.github.bonigarcia.wdm.ChromeDriverManager
 @ line 4, column 1.
   import io.github.bonigarcia.wdm.ChromeDriverManager
   ^

script1459448663793531682800.groovy: 15: unable to resolve class ChromeDriver 
 @ line 15, column 23.
   		def driverInstance= new ChromeDriver() 
                         ^

3 errors

	at org.codehaus.groovy.control.ErrorCollector.failIfErrors(ErrorCollector.java:309)
	at org.codehaus.groovy.control.CompilationUnit.applyToSourceUnits(CompilationUnit.java:943)
	at org.codehaus.groovy.control.CompilationUnit.doPhaseOperation(CompilationUnit.java:590)
	at org.codehaus.groovy.control.CompilationUnit.compile(CompilationUnit.java:539)
	at groovy.lang.GroovyClassLoader.doParseClass(GroovyClassLoader.java:297)
	at groovy.lang.GroovyClassLoader.parseClass(GroovyClassLoader.java:267)
	at groovy.lang.GroovyClassLoader.parseClass(GroovyClassLoader.java:253)
	at groovy.lang.GroovyClassLoader.parseClass(GroovyClassLoader.java:211)
	at groovy.lang.GroovyClassLoader.parseClass(GroovyClassLoader.java:221)
	at groovy.lang.GroovyClassLoader$parseClass.call(Unknown Source)
	at groovy.util.ConfigSlurper.parse(ConfigSlurper.groovy:168)
	at groovy.util.ConfigSlurper$parse.call(Unknown Source)
	at org.codehaus.groovy.runtime.callsite.CallSiteArray.defaultCall(CallSiteArray.java:45)
	at org.codehaus.groovy.runtime.callsite.AbstractCallSite.call(AbstractCallSite.java:110)
	at org.codehaus.groovy.runtime.callsite.AbstractCallSite.call(AbstractCallSite.java:122)
	at geb.ConfigurationLoader.loadRawConfig(ConfigurationLoader.groovy:295)
	... 82 more
... Removed 46 stack frames]]>
    </failure>
  </testcase> <!-- @BeforeClass initReportGroupDir -->
  <testcase name="@BeforeMethod setupReporting" time="0.0" classname="FirstGebTest">
    <skipped/>
  </testcase> <!-- @BeforeMethod setupReporting -->
  <testcase name="@AfterMethod reportingAfter" time="0.0" classname="FirstGebTest">
    <skipped/>
  </testcase> <!-- @AfterMethod reportingAfter -->
  <testcase name="@AfterMethod clearBrowserCookies" time="0.0" classname="FirstGebTest">
    <skipped/>
  </testcase> <!-- @AfterMethod clearBrowserCookies -->
  <testcase name="testLoginAsProsperUser" time="0.001" classname="FirstGebTest">
    <skipped/>
  </testcase> <!-- testLoginAsProsperUser -->
</testsuite>
