<?xml version="1.0" encoding="UTF-8"?>
<!-- Generated by org.testng.reporters.JUnitXMLReporter -->
<testsuite hostname="DESKTOP-GK79C4U" name="Default test(failed)(failed)(failed)(failed)(failed)(failed)(failed)(failed)(failed)" tests="1" failures="0" timestamp="29 Mar 2016 19:35:22 GMT" time="30.748" errors="0">
  <testcase name="gebTest" time="22.276" classname="test.groovy.demo1.FirstGebTest"/>
</testsuite> <!-- Default test(failed)(failed)(failed)(failed)(failed)(failed)(failed)(failed)(failed) -->
