<?xml version="1.0" encoding="UTF-8"?>
<!-- Generated by org.testng.reporters.JUnitXMLReporter -->
<testsuite hostname="DESKTOP-GK79C4U" tests="1" failures="1" timestamp="31 Mar 2016 16:31:35 GMT" time="32.345" errors="0">
  <testcase name="testLoginAsProsperUser" time="30.649" classname="FirstGebTest">
    <failure type="geb.error.InvalidPageContent" message="Definition of page component template &amp;apos;getYourRate_btn&amp;apos; of &amp;apos;PublicSiteRegistrationPage&amp;apos; is invalid, params must be either a Closure, or Map and Closure (args were: [null])">
      <![CDATA[geb.error.InvalidPageContent: Definition of page component template 'getYourRate_btn' of 'PublicSiteRegistrationPage' is invalid, params must be either a Closure, or Map and Closure (args were: [null])
	at org.codehaus.groovy.runtime.callsite.ConstructorSite$ConstructorSiteNoUnwrapNoCoerce.callConstructor(ConstructorSite.java:102)
	at org.codehaus.groovy.runtime.callsite.CallSiteArray.defaultCallConstructor(CallSiteArray.java:57)
	at org.codehaus.groovy.runtime.callsite.AbstractCallSite.callConstructor(AbstractCallSite.java:232)
	at org.codehaus.groovy.runtime.callsite.AbstractCallSite.callConstructor(AbstractCallSite.java:244)
	at geb.content.PageContentTemplateBuilder.throwBadInvocationError(PageContentTemplateBuilder.groovy:69)
	at geb.content.PageContentTemplateBuilder.this$2$throwBadInvocationError(PageContentTemplateBuilder.groovy)
	at org.codehaus.groovy.runtime.callsite.PogoMetaMethodSite$PogoCachedMethodSiteNoUnwrapNoCoerce.invoke(PogoMetaMethodSite.java:207)
	at org.codehaus.groovy.runtime.callsite.PogoMetaMethodSite.callCurrent(PogoMetaMethodSite.java:56)
	at org.codehaus.groovy.runtime.callsite.CallSiteArray.defaultCallCurrent(CallSiteArray.java:49)
	at org.codehaus.groovy.runtime.callsite.AbstractCallSite.callCurrent(AbstractCallSite.java:151)
	at org.codehaus.groovy.runtime.callsite.AbstractCallSite.callCurrent(AbstractCallSite.java:171)
	at geb.content.PageContentTemplateBuilder.methodMissing(PageContentTemplateBuilder.groovy:59)
	at groovy.lang.MetaClassImpl.invokeMissingMethod(MetaClassImpl.java:933)
	at groovy.lang.MetaClassImpl.invokePropertyOrMissing(MetaClassImpl.java:1256)
	at groovy.lang.MetaClassImpl.invokeMethod(MetaClassImpl.java:1209)
	at groovy.lang.MetaClassImpl.invokeMethod(MetaClassImpl.java:1016)
	at groovy.lang.MetaClassImpl.invokeMethod(MetaClassImpl.java:807)
	at geb.content.PageContentTemplateBuilder.invokeMethod(PageContentTemplateBuilder.groovy)
	at org.codehaus.groovy.runtime.metaclass.ClosureMetaClass.invokeOnDelegationObjects(ClosureMetaClass.java:444)
	at org.codehaus.groovy.runtime.metaclass.ClosureMetaClass.invokeMethod(ClosureMetaClass.java:367)
	at groovy.lang.MetaClassImpl.invokeMethod(MetaClassImpl.java:1016)
	at org.codehaus.groovy.runtime.callsite.PogoMetaClassSite.callCurrent(PogoMetaClassSite.java:66)
	at org.codehaus.groovy.runtime.callsite.CallSiteArray.defaultCallCurrent(CallSiteArray.java:49)
	at org.codehaus.groovy.runtime.callsite.AbstractCallSite.callCurrent(AbstractCallSite.java:151)
	at org.codehaus.groovy.runtime.callsite.AbstractCallSite.callCurrent(AbstractCallSite.java:163)
	at content.prosper.PublicSiteRegistrationPage$__clinit__closure2.doCall(PublicSiteRegistrationPage.groovy:21)
	at content.prosper.PublicSiteRegistrationPage$__clinit__closure2.doCall(PublicSiteRegistrationPage.groovy)
	at groovy.lang.MetaMethod.doMethodInvoke(MetaMethod.java:324)
	at org.codehaus.groovy.runtime.metaclass.ClosureMetaClass.invokeMethod(ClosureMetaClass.java:292)
	at groovy.lang.MetaClassImpl.invokeMethod(MetaClassImpl.java:1016)
	at org.codehaus.groovy.runtime.callsite.PogoMetaClassSite.call(PogoMetaClassSite.java:39)
	at org.codehaus.groovy.runtime.callsite.CallSiteArray.defaultCall(CallSiteArray.java:45)
	at org.codehaus.groovy.runtime.callsite.PogoMetaClassSite.call(PogoMetaClassSite.java:54)
	at org.codehaus.groovy.runtime.callsite.AbstractCallSite.call(AbstractCallSite.java:114)
	at geb.content.PageContentTemplateBuilder.build(PageContentTemplateBuilder.groovy:92)
	at geb.content.PageContentTemplateBuilder$build$0.call(Unknown Source)
	at org.codehaus.groovy.runtime.callsite.CallSiteArray.defaultCall(CallSiteArray.java:45)
	at geb.content.PageContentTemplateBuilder$build$0.call(Unknown Source)
	at geb.content.PageContentTemplateBuilder.build(PageContentTemplateBuilder.groovy:123)
	at geb.content.PageContentTemplateBuilder$build.call(Unknown Source)
	at org.codehaus.groovy.runtime.callsite.CallSiteArray.defaultCall(CallSiteArray.java:45)
	at geb.content.PageContentTemplateBuilder$build.call(Unknown Source)
	at geb.Page.init(Page.groovy:87)
	at geb.Page$init.call(Unknown Source)
	at org.codehaus.groovy.runtime.callsite.CallSiteArray.defaultCall(CallSiteArray.java:45)
	at geb.Page$init.call(Unknown Source)
	at geb.Browser.createPage(Browser.groovy:544)
	at geb.Browser.at(Browser.groovy:259)
	at groovy.lang.MetaMethod.doMethodInvoke(MetaMethod.java:324)
	at groovy.lang.MetaClassImpl.invokeMethod(MetaClassImpl.java:1207)
	at groovy.lang.MetaClassImpl.invokeMethod(MetaClassImpl.java:1016)
	at org.codehaus.groovy.runtime.InvokerHelper.invokePogoMethod(InvokerHelper.java:914)
	at org.codehaus.groovy.runtime.InvokerHelper.invokeMethod(InvokerHelper.java:897)
	at org.codehaus.groovy.runtime.ScriptBytecodeAdapter.invokeMethodN(ScriptBytecodeAdapter.java:166)
	at geb.testng.GebTest.methodMissing(GebTest.groovy:50)
	at groovy.lang.MetaClassImpl.invokeMissingMethod(MetaClassImpl.java:933)
	at groovy.lang.MetaClassImpl.invokePropertyOrMissing(MetaClassImpl.java:1256)
	at groovy.lang.MetaClassImpl.invokeMethod(MetaClassImpl.java:1209)
	at groovy.lang.MetaClassImpl.invokeMethod(MetaClassImpl.java:1016)
	at org.codehaus.groovy.runtime.callsite.PogoMetaClassSite.callCurrent(PogoMetaClassSite.java:66)
	at org.codehaus.groovy.runtime.callsite.CallSiteArray.defaultCallCurrent(CallSiteArray.java:49)
	at org.codehaus.groovy.runtime.callsite.AbstractCallSite.callCurrent(AbstractCallSite.java:151)
	at org.codehaus.groovy.runtime.callsite.AbstractCallSite.callCurrent(AbstractCallSite.java:163)
	at FirstGebTest.testLoginAsProsperUser(FirstGebTest.groovy:25)
... Removed 53 stack frames]]>
    </failure>
  </testcase> <!-- testLoginAsProsperUser -->
</testsuite>
