<?xml version="1.0" encoding="UTF-8"?>
<!-- Generated by org.testng.reporters.JUnitXMLReporter -->
<testsuite hostname="DESKTOP-GK79C4U" tests="1" failures="1" timestamp="31 Mar 2016 16:38:12 GMT" time="39.844" errors="0">
  <testcase name="testLoginAsProsperUser" time="38.131" classname="FirstGebTest">
    <failure type="org.codehaus.groovy.runtime.powerassert.PowerAssertionError" message="$(&amp;apos;h2.main-offer-table-header&amp;apos;).text()==&amp;quot;Your customized loan offer:&amp;quot;
|                               |     |
[]                              null  false">
      <![CDATA[Assertion failed: 

$('h2.main-offer-table-header').text()=="Your customized loan offer:"
|                               |     |
[]                              null  false

	at org.codehaus.groovy.runtime.InvokerHelper.assertFailed(InvokerHelper.java:399)
	at org.codehaus.groovy.runtime.ScriptBytecodeAdapter.assertFailed(ScriptBytecodeAdapter.java:648)
	at content.prosper.PublicSiteLoanOfferPage$__clinit__closure1.doCall(PublicSiteLoanOfferPage.groovy:8)
	at content.prosper.PublicSiteLoanOfferPage$__clinit__closure1.doCall(PublicSiteLoanOfferPage.groovy)
	at groovy.lang.MetaMethod.doMethodInvoke(MetaMethod.java:324)
	at org.codehaus.groovy.runtime.metaclass.ClosureMetaClass.invokeMethod(ClosureMetaClass.java:292)
	at groovy.lang.MetaClassImpl.invokeMethod(MetaClassImpl.java:1016)
	at org.codehaus.groovy.runtime.callsite.PogoMetaClassSite.call(PogoMetaClassSite.java:39)
	at org.codehaus.groovy.runtime.callsite.CallSiteArray.defaultCall(CallSiteArray.java:45)
	at org.codehaus.groovy.runtime.callsite.PogoMetaClassSite.call(PogoMetaClassSite.java:54)
	at org.codehaus.groovy.runtime.callsite.AbstractCallSite.call(AbstractCallSite.java:114)
	at geb.Page.verifyAt(Page.groovy:132)
	at geb.Page$verifyAt$3.call(Unknown Source)
	at org.codehaus.groovy.runtime.callsite.CallSiteArray.defaultCall(CallSiteArray.java:45)
	at geb.Page$verifyAt$3.call(Unknown Source)
	at geb.Browser.doAt(Browser.groovy:335)
	at geb.Browser.this$2$doAt(Browser.groovy)
	at org.codehaus.groovy.runtime.callsite.PogoMetaMethodSite$PogoCachedMethodSiteNoUnwrapNoCoerce.invoke(PogoMetaMethodSite.java:207)
	at org.codehaus.groovy.runtime.callsite.PogoMetaMethodSite.callCurrent(PogoMetaMethodSite.java:56)
	at org.codehaus.groovy.runtime.callsite.CallSiteArray.defaultCallCurrent(CallSiteArray.java:49)
	at org.codehaus.groovy.runtime.callsite.PogoMetaMethodSite.callCurrent(PogoMetaMethodSite.java:61)
	at org.codehaus.groovy.runtime.callsite.AbstractCallSite.callCurrent(AbstractCallSite.java:163)
	at geb.Browser.at(Browser.groovy:259)
	at groovy.lang.MetaMethod.doMethodInvoke(MetaMethod.java:324)
	at groovy.lang.MetaClassImpl.invokeMethod(MetaClassImpl.java:1207)
	at groovy.lang.MetaClassImpl.invokeMethod(MetaClassImpl.java:1016)
	at org.codehaus.groovy.runtime.InvokerHelper.invokePogoMethod(InvokerHelper.java:914)
	at org.codehaus.groovy.runtime.InvokerHelper.invokeMethod(InvokerHelper.java:897)
	at org.codehaus.groovy.runtime.ScriptBytecodeAdapter.invokeMethodN(ScriptBytecodeAdapter.java:166)
	at geb.testng.GebTest.methodMissing(GebTest.groovy:50)
	at groovy.lang.MetaClassImpl.invokeMissingMethod(MetaClassImpl.java:933)
	at groovy.lang.MetaClassImpl.invokePropertyOrMissing(MetaClassImpl.java:1256)
	at groovy.lang.MetaClassImpl.invokeMethod(MetaClassImpl.java:1209)
	at groovy.lang.MetaClassImpl.invokeMethod(MetaClassImpl.java:1016)
	at org.codehaus.groovy.runtime.callsite.PogoMetaClassSite.callCurrent(PogoMetaClassSite.java:66)
	at org.codehaus.groovy.runtime.callsite.CallSiteArray.defaultCallCurrent(CallSiteArray.java:49)
	at org.codehaus.groovy.runtime.callsite.AbstractCallSite.callCurrent(AbstractCallSite.java:151)
	at org.codehaus.groovy.runtime.callsite.AbstractCallSite.callCurrent(AbstractCallSite.java:163)
	at FirstGebTest.testLoginAsProsperUser(FirstGebTest.groovy:29)
... Removed 43 stack frames]]>
    </failure>
  </testcase> <!-- testLoginAsProsperUser -->
</testsuite>
