<?xml version="1.0" encoding="UTF-8"?>
<testng-results skipped="0" failed="0" total="1" passed="1">
  <reporter-output>
  </reporter-output>
  <suite name="Surefire suite" duration-ms="142000" started-at="2016-04-11T19:21:53Z" finished-at="2016-04-11T19:24:15Z">
    <groups>
    </groups>
    <test name="Surefire test" duration-ms="142000" started-at="2016-04-11T19:21:53Z" finished-at="2016-04-11T19:24:15Z">
      <class name="FirstGebTest">
        <test-method status="PASS" signature="testLoginAsProsperUser()[pri:0, instance:testLoginAsProsperUser(FirstGebTest)]" name="testLoginAsProsperUser" duration-ms="141647" started-at="2016-04-12T00:51:53Z" finished-at="2016-04-12T00:54:15Z">
          <reporter-output>
          </reporter-output>
        </test-method> <!-- testLoginAsProsperUser -->
      </class> <!-- FirstGebTest -->
    </test> <!-- Surefire test -->
  </suite> <!-- Surefire suite -->
</testng-results>
